c:\users\pccom\desktop\c-graphics-examples-zbuffer\z-buffer\projects\vs-2015\release\vc142.pdb
c:\users\pccom\desktop\c-graphics-examples-zbuffer\z-buffer\projects\vs-2015\release\view.obj
c:\users\pccom\desktop\c-graphics-examples-zbuffer\z-buffer\projects\vs-2015\release\utils.obj
c:\users\pccom\desktop\c-graphics-examples-zbuffer\z-buffer\projects\vs-2015\release\model.obj
c:\users\pccom\desktop\c-graphics-examples-zbuffer\z-buffer\projects\vs-2015\release\main.obj
c:\users\pccom\desktop\c-graphics-examples-zbuffer\z-buffer\projects\vs-2015\release\mesh.obj
c:\users\pccom\desktop\c-graphics-examples-zbuffer\z-buffer\projects\vs-2015\release\camera.obj
c:\users\pccom\desktop\c-graphics-examples-zbuffer\z-buffer\projects\vs-2015\release\string.obj
c:\users\pccom\desktop\c-graphics-examples-zbuffer\z-buffer\projects\vs-2015\release\output_stream.obj
c:\users\pccom\desktop\c-graphics-examples-zbuffer\z-buffer\projects\vs-2015\release\input_stream.obj
c:\users\pccom\desktop\c-graphics-examples-zbuffer\z-buffer\projects\vs-2015\release\z-buffer.exe
c:\users\pccom\desktop\c-graphics-examples-zbuffer\z-buffer\projects\vs-2015\release\z-buffer.pdb
c:\users\pccom\desktop\c-graphics-examples-zbuffer\z-buffer\projects\vs-2015\release\z-buffer.ipdb
c:\users\pccom\desktop\c-graphics-examples-zbuffer\z-buffer\projects\vs-2015\release\z-buffer.iobj
c:\users\pccom\desktop\c-graphics-examples-zbuffer\z-buffer\projects\vs-2015\release\z-buffer.tlog\cl.command.1.tlog
c:\users\pccom\desktop\c-graphics-examples-zbuffer\z-buffer\projects\vs-2015\release\z-buffer.tlog\cl.read.1.tlog
c:\users\pccom\desktop\c-graphics-examples-zbuffer\z-buffer\projects\vs-2015\release\z-buffer.tlog\cl.write.1.tlog
c:\users\pccom\desktop\c-graphics-examples-zbuffer\z-buffer\projects\vs-2015\release\z-buffer.tlog\link.command.1.tlog
c:\users\pccom\desktop\c-graphics-examples-zbuffer\z-buffer\projects\vs-2015\release\z-buffer.tlog\link.delete.1.tlog
c:\users\pccom\desktop\c-graphics-examples-zbuffer\z-buffer\projects\vs-2015\release\z-buffer.tlog\link.read.1.tlog
c:\users\pccom\desktop\c-graphics-examples-zbuffer\z-buffer\projects\vs-2015\release\z-buffer.tlog\link.write.1.tlog
c:\users\pccom\desktop\c-graphics-examples-zbuffer\z-buffer\projects\vs-2015\release\z-buffer.tlog\z-buffer.write.1u.tlog
